/bin/bash: /Users/oskarpeterson/Documents/AI/AGENCY /storyboard/auto-sync.sh: Operation not permitted
/bin/bash: /Users/oskarpeterson/Documents/AI/AGENCY /storyboard/auto-sync.sh: Operation not permitted
/bin/bash: /Users/oskarpeterson/Documents/AI/AGENCY /storyboard/auto-sync.sh: Operation not permitted
/bin/bash: /Users/oskarpeterson/Documents/AI/AGENCY /storyboard/auto-sync.sh: Operation not permitted
/bin/bash: /Users/oskarpeterson/Documents/AI/AGENCY /storyboard/auto-sync.sh: Operation not permitted
/bin/bash: /Users/oskarpeterson/Documents/AI/AGENCY /storyboard/auto-sync.sh: Operation not permitted
/bin/bash: /Users/oskarpeterson/Documents/AI/AGENCY /storyboard/auto-sync.sh: Operation not permitted
/bin/bash: /Users/oskarpeterson/Documents/AI/AGENCY /storyboard/auto-sync.sh: Operation not permitted
/bin/bash: /Users/oskarpeterson/Documents/AI/AGENCY /storyboard/auto-sync.sh: Operation not permitted
/bin/bash: /Users/oskarpeterson/Documents/AI/AGENCY /storyboard/auto-sync.sh: Operation not permitted
/bin/bash: /Users/oskarpeterson/Documents/AI/AGENCY /storyboard/auto-sync.sh: Operation not permitted
/bin/bash: /Users/oskarpeterson/Documents/AI/AGENCY /storyboard/auto-sync.sh: Operation not permitted
/bin/bash: /Users/oskarpeterson/Documents/AI/AGENCY /storyboard/auto-sync.sh: Operation not permitted
/bin/bash: /Users/oskarpeterson/Documents/AI/AGENCY /storyboard/auto-sync.sh: Operation not permitted
/bin/bash: /Users/oskarpeterson/Documents/AI/AGENCY /storyboard/auto-sync.sh: Operation not permitted
/bin/bash: /Users/oskarpeterson/Documents/AI/AGENCY /storyboard/auto-sync.sh: Operation not permitted
/bin/bash: /Users/oskarpeterson/Documents/AI/AGENCY /storyboard/auto-sync.sh: Operation not permitted
/bin/bash: /Users/oskarpeterson/Documents/AI/AGENCY /storyboard/auto-sync.sh: Operation not permitted
/bin/bash: /Users/oskarpeterson/Documents/AI/AGENCY /storyboard/auto-sync.sh: Operation not permitted
/bin/bash: /Users/oskarpeterson/Documents/AI/AGENCY /storyboard/auto-sync.sh: Operation not permitted
2026-04-29T21:26:41 | Synced 13 new sessions | Git push FAILED — stale .git/HEAD.lock and .git/index.lock from previous crashed sync; lock files cannot be removed from sandbox mount. Local session-log.json updated successfully (91 entries).
/bin/bash: /Users/oskarpeterson/Documents/AI/AGENCY /storyboard/auto-sync.sh: Operation not permitted
/bin/bash: /Users/oskarpeterson/Documents/AI/AGENCY /storyboard/auto-sync.sh: Operation not permitted
/bin/bash: /Users/oskarpeterson/Documents/AI/AGENCY /storyboard/auto-sync.sh: Operation not permitted
/bin/bash: /Users/oskarpeterson/Documents/AI/AGENCY /storyboard/auto-sync.sh: Operation not permitted
/bin/bash: /Users/oskarpeterson/Documents/AI/AGENCY /storyboard/auto-sync.sh: Operation not permitted
/bin/bash: /Users/oskarpeterson/Documents/AI/AGENCY /storyboard/auto-sync.sh: Operation not permitted
/bin/bash: /Users/oskarpeterson/Documents/AI/AGENCY /storyboard/auto-sync.sh: Operation not permitted
/bin/bash: /Users/oskarpeterson/Documents/AI/AGENCY /storyboard/auto-sync.sh: Operation not permitted
/bin/bash: /Users/oskarpeterson/Documents/AI/AGENCY /storyboard/auto-sync.sh: Operation not permitted
/bin/bash: /Users/oskarpeterson/Documents/AI/AGENCY /storyboard/auto-sync.sh: Operation not permitted
/bin/bash: /Users/oskarpeterson/Documents/AI/AGENCY /storyboard/auto-sync.sh: Operation not permitted
/bin/bash: /Users/oskarpeterson/Documents/AI/AGENCY /storyboard/auto-sync.sh: Operation not permitted
/bin/bash: /Users/oskarpeterson/Documents/AI/AGENCY /storyboard/auto-sync.sh: Operation not permitted
/bin/bash: /Users/oskarpeterson/Documents/AI/AGENCY /storyboard/auto-sync.sh: Operation not permitted
/bin/bash: /Users/oskarpeterson/Documents/AI/AGENCY /storyboard/auto-sync.sh: Operation not permitted
/bin/bash: /Users/oskarpeterson/Documents/AI/AGENCY /storyboard/auto-sync.sh: Operation not permitted
/bin/bash: /Users/oskarpeterson/Documents/AI/AGENCY /storyboard/auto-sync.sh: Operation not permitted
/bin/bash: /Users/oskarpeterson/Documents/AI/AGENCY /storyboard/auto-sync.sh: Operation not permitted
/bin/bash: /Users/oskarpeterson/Documents/AI/AGENCY /storyboard/auto-sync.sh: Operation not permitted
/bin/bash: /Users/oskarpeterson/Documents/AI/AGENCY /storyboard/auto-sync.sh: Operation not permitted
/bin/bash: /Users/oskarpeterson/Documents/AI/AGENCY /storyboard/auto-sync.sh: Operation not permitted
/bin/bash: /Users/oskarpeterson/Documents/AI/AGENCY /storyboard/auto-sync.sh: Operation not permitted
/bin/bash: /Users/oskarpeterson/Documents/AI/AGENCY /storyboard/auto-sync.sh: Operation not permitted
/bin/bash: /Users/oskarpeterson/Documents/AI/AGENCY /storyboard/auto-sync.sh: Operation not permitted
/bin/bash: /Users/oskarpeterson/Documents/AI/AGENCY /storyboard/auto-sync.sh: Operation not permitted
/bin/bash: /Users/oskarpeterson/Documents/AI/AGENCY /storyboard/auto-sync.sh: Operation not permitted
/bin/bash: /Users/oskarpeterson/Documents/AI/AGENCY /storyboard/auto-sync.sh: Operation not permitted
/bin/bash: /Users/oskarpeterson/Documents/AI/AGENCY /storyboard/auto-sync.sh: Operation not permitted
/bin/bash: /Users/oskarpeterson/Documents/AI/AGENCY /storyboard/auto-sync.sh: Operation not permitted
/bin/bash: /Users/oskarpeterson/Documents/AI/AGENCY /storyboard/auto-sync.sh: Operation not permitted
/bin/bash: /Users/oskarpeterson/Documents/AI/AGENCY /storyboard/auto-sync.sh: Operation not permitted
2026-04-30T05:09:13Z [storyboard-session-sync] 0 new sessions added (both new sessions had 0 messages). Git push BLOCKED: stale lock files (HEAD.lock, index.lock, ORIG_HEAD.lock) on macOS filesystem cannot be removed from container. Manual fix: rm -f '/Users/oskarpeterson/Documents/AI/AGENCY /storyboard/.git/'*.lock
/bin/bash: /Users/oskarpeterson/Documents/AI/AGENCY /storyboard/auto-sync.sh: Operation not permitted
2026-04-30T05:22:40 [session-sync] Synced 0 new sessions (skipped 57 sync-task sessions). Git push FAILED: ORIG_HEAD.lock left by previous run — needs manual cleanup on host.
/bin/bash: /Users/oskarpeterson/Documents/AI/AGENCY /storyboard/auto-sync.sh: Operation not permitted
/bin/bash: /Users/oskarpeterson/Documents/AI/AGENCY /storyboard/auto-sync.sh: Operation not permitted
/bin/bash: /Users/oskarpeterson/Documents/AI/AGENCY /storyboard/auto-sync.sh: Operation not permitted
/bin/bash: /Users/oskarpeterson/Documents/AI/AGENCY /storyboard/auto-sync.sh: Operation not permitted
/bin/bash: /Users/oskarpeterson/Documents/AI/AGENCY /storyboard/auto-sync.sh: Operation not permitted
/bin/bash: /Users/oskarpeterson/Documents/AI/AGENCY /storyboard/auto-sync.sh: Operation not permitted
/bin/bash: /Users/oskarpeterson/Documents/AI/AGENCY /storyboard/auto-sync.sh: Operation not permitted
/bin/bash: /Users/oskarpeterson/Documents/AI/AGENCY /storyboard/auto-sync.sh: Operation not permitted
/bin/bash: /Users/oskarpeterson/Documents/AI/AGENCY /storyboard/auto-sync.sh: Operation not permitted
/bin/bash: /Users/oskarpeterson/Documents/AI/AGENCY /storyboard/auto-sync.sh: Operation not permitted
/bin/bash: /Users/oskarpeterson/Documents/AI/AGENCY /storyboard/auto-sync.sh: Operation not permitted
/bin/bash: /Users/oskarpeterson/Documents/AI/AGENCY /storyboard/auto-sync.sh: Operation not permitted
/bin/bash: /Users/oskarpeterson/Documents/AI/AGENCY /storyboard/auto-sync.sh: Operation not permitted
/bin/bash: /Users/oskarpeterson/Documents/AI/AGENCY /storyboard/auto-sync.sh: Operation not permitted
/bin/bash: /Users/oskarpeterson/Documents/AI/AGENCY /storyboard/auto-sync.sh: Operation not permitted
/bin/bash: /Users/oskarpeterson/Documents/AI/AGENCY /storyboard/auto-sync.sh: Operation not permitted
/bin/bash: /Users/oskarpeterson/Documents/AI/AGENCY /storyboard/auto-sync.sh: Operation not permitted
/bin/bash: /Users/oskarpeterson/Documents/AI/AGENCY /storyboard/auto-sync.sh: Operation not permitted
/bin/bash: /Users/oskarpeterson/Documents/AI/AGENCY /storyboard/auto-sync.sh: Operation not permitted
/bin/bash: /Users/oskarpeterson/Documents/AI/AGENCY /storyboard/auto-sync.sh: Operation not permitted
/bin/bash: /Users/oskarpeterson/Documents/AI/AGENCY /storyboard/auto-sync.sh: Operation not permitted
/bin/bash: /Users/oskarpeterson/Documents/AI/AGENCY /storyboard/auto-sync.sh: Operation not permitted
/bin/bash: /Users/oskarpeterson/Documents/AI/AGENCY /storyboard/auto-sync.sh: Operation not permitted
/bin/bash: /Users/oskarpeterson/Documents/AI/AGENCY /storyboard/auto-sync.sh: Operation not permitted
/bin/bash: /Users/oskarpeterson/Documents/AI/AGENCY /storyboard/auto-sync.sh: Operation not permitted
/bin/bash: /Users/oskarpeterson/Documents/AI/AGENCY /storyboard/auto-sync.sh: Operation not permitted
/bin/bash: /Users/oskarpeterson/Documents/AI/AGENCY /storyboard/auto-sync.sh: Operation not permitted
/bin/bash: /Users/oskarpeterson/Documents/AI/AGENCY /storyboard/auto-sync.sh: Operation not permitted
/bin/bash: /Users/oskarpeterson/Documents/AI/AGENCY /storyboard/auto-sync.sh: Operation not permitted
/bin/bash: /Users/oskarpeterson/Documents/AI/AGENCY /storyboard/auto-sync.sh: Operation not permitted
/bin/bash: /Users/oskarpeterson/Documents/AI/AGENCY /storyboard/auto-sync.sh: Operation not permitted
/bin/bash: /Users/oskarpeterson/Documents/AI/AGENCY /storyboard/auto-sync.sh: Operation not permitted
/bin/bash: /Users/oskarpeterson/Documents/AI/AGENCY /storyboard/auto-sync.sh: Operation not permitted
/bin/bash: /Users/oskarpeterson/Documents/AI/AGENCY /storyboard/auto-sync.sh: Operation not permitted
/bin/bash: /Users/oskarpeterson/Documents/AI/AGENCY /storyboard/auto-sync.sh: Operation not permitted
/bin/bash: /Users/oskarpeterson/Documents/AI/AGENCY /storyboard/auto-sync.sh: Operation not permitted
/bin/bash: /Users/oskarpeterson/Documents/AI/AGENCY /storyboard/auto-sync.sh: Operation not permitted
/bin/bash: /Users/oskarpeterson/Documents/AI/AGENCY /storyboard/auto-sync.sh: Operation not permitted
/bin/bash: /Users/oskarpeterson/Documents/AI/AGENCY /storyboard/auto-sync.sh: Operation not permitted
/bin/bash: /Users/oskarpeterson/Documents/AI/AGENCY /storyboard/auto-sync.sh: Operation not permitted
/bin/bash: /Users/oskarpeterson/Documents/AI/AGENCY /storyboard/auto-sync.sh: Operation not permitted
/bin/bash: /Users/oskarpeterson/Documents/AI/AGENCY /storyboard/auto-sync.sh: Operation not permitted
/bin/bash: /Users/oskarpeterson/Documents/AI/AGENCY /storyboard/auto-sync.sh: Operation not permitted
/bin/bash: /Users/oskarpeterson/Documents/AI/AGENCY /storyboard/auto-sync.sh: Operation not permitted
/bin/bash: /Users/oskarpeterson/Documents/AI/AGENCY /storyboard/auto-sync.sh: Operation not permitted
/bin/bash: /Users/oskarpeterson/Documents/AI/AGENCY /storyboard/auto-sync.sh: Operation not permitted
/bin/bash: /Users/oskarpeterson/Documents/AI/AGENCY /storyboard/auto-sync.sh: Operation not permitted
/bin/bash: /Users/oskarpeterson/Documents/AI/AGENCY /storyboard/auto-sync.sh: Operation not permitted
2026-04-30T20:06:38Z - sync run: 0 new sessions logged (all 11 non-sync sessions in 80-window already in log). Briefed 2 running sessions (b9389861, c88809a5). Git push BLOCKED by stale .git/index.lock + HEAD.lock + ORIG_HEAD.lock — sandbox cannot rm them. User must run: cd ~/Documents/AI/AGENCY\ /storyboard && rm -f .git/*.lock
/bin/bash: /Users/oskarpeterson/Documents/AI/AGENCY /storyboard/auto-sync.sh: Operation not permitted
/bin/bash: /Users/oskarpeterson/Documents/AI/AGENCY /storyboard/auto-sync.sh: Operation not permitted
/bin/bash: /Users/oskarpeterson/Documents/AI/AGENCY /storyboard/auto-sync.sh: Operation not permitted
/bin/bash: /Users/oskarpeterson/Documents/AI/AGENCY /storyboard/auto-sync.sh: Operation not permitted
/bin/bash: /Users/oskarpeterson/Documents/AI/AGENCY /storyboard/auto-sync.sh: Operation not permitted
/bin/bash: /Users/oskarpeterson/Documents/AI/AGENCY /storyboard/auto-sync.sh: Operation not permitted
/bin/bash: /Users/oskarpeterson/Documents/AI/AGENCY /storyboard/auto-sync.sh: Operation not permitted
/bin/bash: /Users/oskarpeterson/Documents/AI/AGENCY /storyboard/auto-sync.sh: Operation not permitted
[2026-04-30T22:07:21Z] auto-sync: git push skipped — stale .git/index.lock from 2026-04-30 03:22 cannot be removed from sandbox; user must run 'rm /Users/oskarpeterson/Documents/AI/AGENCY /storyboard/.git/index.lock' from terminal to unblock
/bin/bash: /Users/oskarpeterson/Documents/AI/AGENCY /storyboard/auto-sync.sh: Operation not permitted
/bin/bash: /Users/oskarpeterson/Documents/AI/AGENCY /storyboard/auto-sync.sh: Operation not permitted
/bin/bash: /Users/oskarpeterson/Documents/AI/AGENCY /storyboard/auto-sync.sh: Operation not permitted
/bin/bash: /Users/oskarpeterson/Documents/AI/AGENCY /storyboard/auto-sync.sh: Operation not permitted
[2026-04-30T23:06:41+00:00] Auto-sync: 0 new sessions logged. 2 running sessions briefed (c88809a5, b9389861). Git push BLOCKED by stale .git/index.lock (Apr 30 03:22) — cannot rm via bindfs mount (Operation not permitted). User must clear lock manually: rm '/Users/oskarpeterson/Documents/AI/AGENCY /storyboard/.git/index.lock'
/bin/bash: /Users/oskarpeterson/Documents/AI/AGENCY /storyboard/auto-sync.sh: Operation not permitted
/bin/bash: /Users/oskarpeterson/Documents/AI/AGENCY /storyboard/auto-sync.sh: Operation not permitted
[2026-04-30T23:36:35+0000] Auto-sync: 0 new sessions logged (all 8 non-sync sessions in window already logged). 2 running sessions briefed (c88809a5 H&H Sales/CRM @ 28 turns, b9389861 UK audit filing @ 179 turns). Git push BLOCKED — stale .git/index.lock from Apr 30 03:22 cannot be removed from sandbox bindfs mount. ACTION REQUIRED: run `rm '/Users/oskarpeterson/Documents/AI/AGENCY /storyboard/.git/index.lock'` from a terminal on the host.
/bin/bash: /Users/oskarpeterson/Documents/AI/AGENCY /storyboard/auto-sync.sh: Operation not permitted
/bin/bash: /Users/oskarpeterson/Documents/AI/AGENCY /storyboard/auto-sync.sh: Operation not permitted
/bin/bash: /Users/oskarpeterson/Documents/AI/AGENCY /storyboard/auto-sync.sh: Operation not permitted
/bin/bash: /Users/oskarpeterson/Documents/AI/AGENCY /storyboard/auto-sync.sh: Operation not permitted
/bin/bash: /Users/oskarpeterson/Documents/AI/AGENCY /storyboard/auto-sync.sh: Operation not permitted
/bin/bash: /Users/oskarpeterson/Documents/AI/AGENCY /storyboard/auto-sync.sh: Operation not permitted
/bin/bash: /Users/oskarpeterson/Documents/AI/AGENCY /storyboard/auto-sync.sh: Operation not permitted
[2026-05-01T01:21:49+0000] Auto-sync: 0 new sessions logged (all 11 non-sync sessions in 80-window already in log). 3 running sessions briefed (c88809a5 H&H Sales/CRM @ 28 turns, b9389861 UK audit filing @ 179 turns, 0530fc07 Daily client outreach @ 11 turns). Git push BLOCKED — stale .git/index.lock (Apr 30 03:22), .git/HEAD.lock (Apr 30 03:22), .git/ORIG_HEAD.lock (Apr 30 03:50) cannot be removed from sandbox bindfs mount (Operation not permitted). ACTION REQUIRED: run from host terminal: rm '/Users/oskarpeterson/Documents/AI/AGENCY /storyboard/.git/'*.lock
/bin/bash: /Users/oskarpeterson/Documents/AI/AGENCY /storyboard/auto-sync.sh: Operation not permitted
/bin/bash: /Users/oskarpeterson/Documents/AI/AGENCY /storyboard/auto-sync.sh: Operation not permitted
/bin/bash: /Users/oskarpeterson/Documents/AI/AGENCY /storyboard/auto-sync.sh: Operation not permitted
/bin/bash: /Users/oskarpeterson/Documents/AI/AGENCY /storyboard/auto-sync.sh: Operation not permitted
/bin/bash: /Users/oskarpeterson/Documents/AI/AGENCY /storyboard/auto-sync.sh: Operation not permitted

[2026-05-01 02:36:21] Sync run: 0 new sessions, 2 carry-forward briefs written (c88809a5, b9389861).
[2026-05-01 02:36:21] Git push BLOCKED: stale .git/index.lock from 02:21 cannot be removed (Operation not permitted). Manual cleanup required: rm -f .git/index.lock from terminal.
/bin/bash: /Users/oskarpeterson/Documents/AI/AGENCY /storyboard/auto-sync.sh: Operation not permitted
[2026-05-01 02:52:21] sync run: 0 new sessions, briefed 3 running sessions. Git push BLOCKED — stale .git/index.lock from 02:21 cannot be removed via mount (Operation not permitted). Manual clear required on host.
/bin/bash: /Users/oskarpeterson/Documents/AI/AGENCY /storyboard/auto-sync.sh: Operation not permitted

[2026-05-01T03:06:43Z] sync run: 0 new sessions logged (window of 80 contained only already-logged sessions and sync tasks). Wrote/refreshed 2 carry-forward briefs (c88809a5, b9389861). git push BLOCKED: stale .git/index.lock from 02:21:46 UTC could not be removed via bindfs mount — host-side cleanup needed before next push.
/bin/bash: /Users/oskarpeterson/Documents/AI/AGENCY /storyboard/auto-sync.sh: Operation not permitted
/bin/bash: /Users/oskarpeterson/Documents/AI/AGENCY /storyboard/auto-sync.sh: Operation not permitted
/bin/bash: /Users/oskarpeterson/Documents/AI/AGENCY /storyboard/auto-sync.sh: Operation not permitted
/bin/bash: /Users/oskarpeterson/Documents/AI/AGENCY /storyboard/auto-sync.sh: Operation not permitted
/bin/bash: /Users/oskarpeterson/Documents/AI/AGENCY /storyboard/auto-sync.sh: Operation not permitted
/bin/bash: /Users/oskarpeterson/Documents/AI/AGENCY /storyboard/auto-sync.sh: Operation not permitted
/bin/bash: /Users/oskarpeterson/Documents/AI/AGENCY /storyboard/auto-sync.sh: Operation not permitted
/bin/bash: /Users/oskarpeterson/Documents/AI/AGENCY /storyboard/auto-sync.sh: Operation not permitted
/bin/bash: /Users/oskarpeterson/Documents/AI/AGENCY /storyboard/auto-sync.sh: Operation not permitted
/bin/bash: /Users/oskarpeterson/Documents/AI/AGENCY /storyboard/auto-sync.sh: Operation not permitted
/bin/bash: /Users/oskarpeterson/Documents/AI/AGENCY /storyboard/auto-sync.sh: Operation not permitted
/bin/bash: /Users/oskarpeterson/Documents/AI/AGENCY /storyboard/auto-sync.sh: Operation not permitted
/bin/bash: /Users/oskarpeterson/Documents/AI/AGENCY /storyboard/auto-sync.sh: Operation not permitted
/bin/bash: /Users/oskarpeterson/Documents/AI/AGENCY /storyboard/auto-sync.sh: Operation not permitted
/bin/bash: /Users/oskarpeterson/Documents/AI/AGENCY /storyboard/auto-sync.sh: Operation not permitted
/bin/bash: /Users/oskarpeterson/Documents/AI/AGENCY /storyboard/auto-sync.sh: Operation not permitted
/bin/bash: /Users/oskarpeterson/Documents/AI/AGENCY /storyboard/auto-sync.sh: Operation not permitted
/bin/bash: /Users/oskarpeterson/Documents/AI/AGENCY /storyboard/auto-sync.sh: Operation not permitted
/bin/bash: /Users/oskarpeterson/Documents/AI/AGENCY /storyboard/auto-sync.sh: Operation not permitted
/bin/bash: /Users/oskarpeterson/Documents/AI/AGENCY /storyboard/auto-sync.sh: Operation not permitted
/bin/bash: /Users/oskarpeterson/Documents/AI/AGENCY /storyboard/auto-sync.sh: Operation not permitted
/bin/bash: /Users/oskarpeterson/Documents/AI/AGENCY /storyboard/auto-sync.sh: Operation not permitted
/bin/bash: /Users/oskarpeterson/Documents/AI/AGENCY /storyboard/auto-sync.sh: Operation not permitted
/bin/bash: /Users/oskarpeterson/Documents/AI/AGENCY /storyboard/auto-sync.sh: Operation not permitted
/bin/bash: /Users/oskarpeterson/Documents/AI/AGENCY /storyboard/auto-sync.sh: Operation not permitted
/bin/bash: /Users/oskarpeterson/Documents/AI/AGENCY /storyboard/auto-sync.sh: Operation not permitted
/bin/bash: /Users/oskarpeterson/Documents/AI/AGENCY /storyboard/auto-sync.sh: Operation not permitted
/bin/bash: /Users/oskarpeterson/Documents/AI/AGENCY /storyboard/auto-sync.sh: Operation not permitted
/bin/bash: /Users/oskarpeterson/Documents/AI/AGENCY /storyboard/auto-sync.sh: Operation not permitted
/bin/bash: /Users/oskarpeterson/Documents/AI/AGENCY /storyboard/auto-sync.sh: Operation not permitted
/bin/bash: /Users/oskarpeterson/Documents/AI/AGENCY /storyboard/auto-sync.sh: Operation not permitted
/bin/bash: /Users/oskarpeterson/Documents/AI/AGENCY /storyboard/auto-sync.sh: Operation not permitted
/bin/bash: /Users/oskarpeterson/Documents/AI/AGENCY /storyboard/auto-sync.sh: Operation not permitted
/bin/bash: /Users/oskarpeterson/Documents/AI/AGENCY /storyboard/auto-sync.sh: Operation not permitted
/bin/bash: /Users/oskarpeterson/Documents/AI/AGENCY /storyboard/auto-sync.sh: Operation not permitted
/bin/bash: /Users/oskarpeterson/Documents/AI/AGENCY /storyboard/auto-sync.sh: Operation not permitted
/bin/bash: /Users/oskarpeterson/Documents/AI/AGENCY /storyboard/auto-sync.sh: Operation not permitted
/bin/bash: /Users/oskarpeterson/Documents/AI/AGENCY /storyboard/auto-sync.sh: Operation not permitted
/bin/bash: /Users/oskarpeterson/Documents/AI/AGENCY /storyboard/auto-sync.sh: Operation not permitted
/bin/bash: /Users/oskarpeterson/Documents/AI/AGENCY /storyboard/auto-sync.sh: Operation not permitted
/bin/bash: /Users/oskarpeterson/Documents/AI/AGENCY /storyboard/auto-sync.sh: Operation not permitted
/bin/bash: /Users/oskarpeterson/Documents/AI/AGENCY /storyboard/auto-sync.sh: Operation not permitted
/bin/bash: /Users/oskarpeterson/Documents/AI/AGENCY /storyboard/auto-sync.sh: Operation not permitted
/bin/bash: /Users/oskarpeterson/Documents/AI/AGENCY /storyboard/auto-sync.sh: Operation not permitted
/bin/bash: /Users/oskarpeterson/Documents/AI/AGENCY /storyboard/auto-sync.sh: Operation not permitted
/bin/bash: /Users/oskarpeterson/Documents/AI/AGENCY /storyboard/auto-sync.sh: Operation not permitted
/bin/bash: /Users/oskarpeterson/Documents/AI/AGENCY /storyboard/auto-sync.sh: Operation not permitted
/bin/bash: /Users/oskarpeterson/Documents/AI/AGENCY /storyboard/auto-sync.sh: Operation not permitted
/bin/bash: /Users/oskarpeterson/Documents/AI/AGENCY /storyboard/auto-sync.sh: Operation not permitted
/bin/bash: /Users/oskarpeterson/Documents/AI/AGENCY /storyboard/auto-sync.sh: Operation not permitted
/bin/bash: /Users/oskarpeterson/Documents/AI/AGENCY /storyboard/auto-sync.sh: Operation not permitted
/bin/bash: /Users/oskarpeterson/Documents/AI/AGENCY /storyboard/auto-sync.sh: Operation not permitted
/bin/bash: /Users/oskarpeterson/Documents/AI/AGENCY /storyboard/auto-sync.sh: Operation not permitted
/bin/bash: /Users/oskarpeterson/Documents/AI/AGENCY /storyboard/auto-sync.sh: Operation not permitted
/bin/bash: /Users/oskarpeterson/Documents/AI/AGENCY /storyboard/auto-sync.sh: Operation not permitted
/bin/bash: /Users/oskarpeterson/Documents/AI/AGENCY /storyboard/auto-sync.sh: Operation not permitted
/bin/bash: /Users/oskarpeterson/Documents/AI/AGENCY /storyboard/auto-sync.sh: Operation not permitted
/bin/bash: /Users/oskarpeterson/Documents/AI/AGENCY /storyboard/auto-sync.sh: Operation not permitted
/bin/bash: /Users/oskarpeterson/Documents/AI/AGENCY /storyboard/auto-sync.sh: Operation not permitted
/bin/bash: /Users/oskarpeterson/Documents/AI/AGENCY /storyboard/auto-sync.sh: Operation not permitted
/bin/bash: /Users/oskarpeterson/Documents/AI/AGENCY /storyboard/auto-sync.sh: Operation not permitted
/bin/bash: /Users/oskarpeterson/Documents/AI/AGENCY /storyboard/auto-sync.sh: Operation not permitted
/bin/bash: /Users/oskarpeterson/Documents/AI/AGENCY /storyboard/auto-sync.sh: Operation not permitted
/bin/bash: /Users/oskarpeterson/Documents/AI/AGENCY /storyboard/auto-sync.sh: Operation not permitted
/bin/bash: /Users/oskarpeterson/Documents/AI/AGENCY /storyboard/auto-sync.sh: Operation not permitted
/bin/bash: /Users/oskarpeterson/Documents/AI/AGENCY /storyboard/auto-sync.sh: Operation not permitted
/bin/bash: /Users/oskarpeterson/Documents/AI/AGENCY /storyboard/auto-sync.sh: Operation not permitted
/bin/bash: /Users/oskarpeterson/Documents/AI/AGENCY /storyboard/auto-sync.sh: Operation not permitted
/bin/bash: /Users/oskarpeterson/Documents/AI/AGENCY /storyboard/auto-sync.sh: Operation not permitted
/bin/bash: /Users/oskarpeterson/Documents/AI/AGENCY /storyboard/auto-sync.sh: Operation not permitted
/bin/bash: /Users/oskarpeterson/Documents/AI/AGENCY /storyboard/auto-sync.sh: Operation not permitted
/bin/bash: /Users/oskarpeterson/Documents/AI/AGENCY /storyboard/auto-sync.sh: Operation not permitted
/bin/bash: /Users/oskarpeterson/Documents/AI/AGENCY /storyboard/auto-sync.sh: Operation not permitted
/bin/bash: /Users/oskarpeterson/Documents/AI/AGENCY /storyboard/auto-sync.sh: Operation not permitted
/bin/bash: /Users/oskarpeterson/Documents/AI/AGENCY /storyboard/auto-sync.sh: Operation not permitted
/bin/bash: /Users/oskarpeterson/Documents/AI/AGENCY /storyboard/auto-sync.sh: Operation not permitted
/bin/bash: /Users/oskarpeterson/Documents/AI/AGENCY /storyboard/auto-sync.sh: Operation not permitted
/bin/bash: /Users/oskarpeterson/Documents/AI/AGENCY /storyboard/auto-sync.sh: Operation not permitted
/bin/bash: /Users/oskarpeterson/Documents/AI/AGENCY /storyboard/auto-sync.sh: Operation not permitted
/bin/bash: /Users/oskarpeterson/Documents/AI/AGENCY /storyboard/auto-sync.sh: Operation not permitted
/bin/bash: /Users/oskarpeterson/Documents/AI/AGENCY /storyboard/auto-sync.sh: Operation not permitted
/bin/bash: /Users/oskarpeterson/Documents/AI/AGENCY /storyboard/auto-sync.sh: Operation not permitted
/bin/bash: /Users/oskarpeterson/Documents/AI/AGENCY /storyboard/auto-sync.sh: Operation not permitted
/bin/bash: /Users/oskarpeterson/Documents/AI/AGENCY /storyboard/auto-sync.sh: Operation not permitted
/bin/bash: /Users/oskarpeterson/Documents/AI/AGENCY /storyboard/auto-sync.sh: Operation not permitted
/bin/bash: /Users/oskarpeterson/Documents/AI/AGENCY /storyboard/auto-sync.sh: Operation not permitted
/bin/bash: /Users/oskarpeterson/Documents/AI/AGENCY /storyboard/auto-sync.sh: Operation not permitted
/bin/bash: /Users/oskarpeterson/Documents/AI/AGENCY /storyboard/auto-sync.sh: Operation not permitted
/bin/bash: /Users/oskarpeterson/Documents/AI/AGENCY /storyboard/auto-sync.sh: Operation not permitted
/bin/bash: /Users/oskarpeterson/Documents/AI/AGENCY /storyboard/auto-sync.sh: Operation not permitted
/bin/bash: /Users/oskarpeterson/Documents/AI/AGENCY /storyboard/auto-sync.sh: Operation not permitted
/bin/bash: /Users/oskarpeterson/Documents/AI/AGENCY /storyboard/auto-sync.sh: Operation not permitted
/bin/bash: /Users/oskarpeterson/Documents/AI/AGENCY /storyboard/auto-sync.sh: Operation not permitted
/bin/bash: /Users/oskarpeterson/Documents/AI/AGENCY /storyboard/auto-sync.sh: Operation not permitted
/bin/bash: /Users/oskarpeterson/Documents/AI/AGENCY /storyboard/auto-sync.sh: Operation not permitted
/bin/bash: /Users/oskarpeterson/Documents/AI/AGENCY /storyboard/auto-sync.sh: Operation not permitted
/bin/bash: /Users/oskarpeterson/Documents/AI/AGENCY /storyboard/auto-sync.sh: Operation not permitted
/bin/bash: /Users/oskarpeterson/Documents/AI/AGENCY /storyboard/auto-sync.sh: Operation not permitted
/bin/bash: /Users/oskarpeterson/Documents/AI/AGENCY /storyboard/auto-sync.sh: Operation not permitted
/bin/bash: /Users/oskarpeterson/Documents/AI/AGENCY /storyboard/auto-sync.sh: Operation not permitted
/bin/bash: /Users/oskarpeterson/Documents/AI/AGENCY /storyboard/auto-sync.sh: Operation not permitted
/bin/bash: /Users/oskarpeterson/Documents/AI/AGENCY /storyboard/auto-sync.sh: Operation not permitted
/bin/bash: /Users/oskarpeterson/Documents/AI/AGENCY /storyboard/auto-sync.sh: Operation not permitted
/bin/bash: /Users/oskarpeterson/Documents/AI/AGENCY /storyboard/auto-sync.sh: Operation not permitted
/bin/bash: /Users/oskarpeterson/Documents/AI/AGENCY /storyboard/auto-sync.sh: Operation not permitted
/bin/bash: /Users/oskarpeterson/Documents/AI/AGENCY /storyboard/auto-sync.sh: Operation not permitted
/bin/bash: /Users/oskarpeterson/Documents/AI/AGENCY /storyboard/auto-sync.sh: Operation not permitted
/bin/bash: /Users/oskarpeterson/Documents/AI/AGENCY /storyboard/auto-sync.sh: Operation not permitted
/bin/bash: /Users/oskarpeterson/Documents/AI/AGENCY /storyboard/auto-sync.sh: Operation not permitted
/bin/bash: /Users/oskarpeterson/Documents/AI/AGENCY /storyboard/auto-sync.sh: Operation not permitted
/bin/bash: /Users/oskarpeterson/Documents/AI/AGENCY /storyboard/auto-sync.sh: Operation not permitted
/bin/bash: /Users/oskarpeterson/Documents/AI/AGENCY /storyboard/auto-sync.sh: Operation not permitted
/bin/bash: /Users/oskarpeterson/Documents/AI/AGENCY /storyboard/auto-sync.sh: Operation not permitted
/bin/bash: /Users/oskarpeterson/Documents/AI/AGENCY /storyboard/auto-sync.sh: Operation not permitted
/bin/bash: /Users/oskarpeterson/Documents/AI/AGENCY /storyboard/auto-sync.sh: Operation not permitted
/bin/bash: /Users/oskarpeterson/Documents/AI/AGENCY /storyboard/auto-sync.sh: Operation not permitted
/bin/bash: /Users/oskarpeterson/Documents/AI/AGENCY /storyboard/auto-sync.sh: Operation not permitted
/bin/bash: /Users/oskarpeterson/Documents/AI/AGENCY /storyboard/auto-sync.sh: Operation not permitted
/bin/bash: /Users/oskarpeterson/Documents/AI/AGENCY /storyboard/auto-sync.sh: Operation not permitted
/bin/bash: /Users/oskarpeterson/Documents/AI/AGENCY /storyboard/auto-sync.sh: Operation not permitted
/bin/bash: /Users/oskarpeterson/Documents/AI/AGENCY /storyboard/auto-sync.sh: Operation not permitted
/bin/bash: /Users/oskarpeterson/Documents/AI/AGENCY /storyboard/auto-sync.sh: Operation not permitted
/bin/bash: /Users/oskarpeterson/Documents/AI/AGENCY /storyboard/auto-sync.sh: Operation not permitted
/bin/bash: /Users/oskarpeterson/Documents/AI/AGENCY /storyboard/auto-sync.sh: Operation not permitted
/bin/bash: /Users/oskarpeterson/Documents/AI/AGENCY /storyboard/auto-sync.sh: Operation not permitted
/bin/bash: /Users/oskarpeterson/Documents/AI/AGENCY /storyboard/auto-sync.sh: Operation not permitted
/bin/bash: /Users/oskarpeterson/Documents/AI/AGENCY /storyboard/auto-sync.sh: Operation not permitted
/bin/bash: /Users/oskarpeterson/Documents/AI/AGENCY /storyboard/auto-sync.sh: Operation not permitted
/bin/bash: /Users/oskarpeterson/Documents/AI/AGENCY /storyboard/auto-sync.sh: Operation not permitted
/bin/bash: /Users/oskarpeterson/Documents/AI/AGENCY /storyboard/auto-sync.sh: Operation not permitted
/bin/bash: /Users/oskarpeterson/Documents/AI/AGENCY /storyboard/auto-sync.sh: Operation not permitted
/bin/bash: /Users/oskarpeterson/Documents/AI/AGENCY /storyboard/auto-sync.sh: Operation not permitted
/bin/bash: /Users/oskarpeterson/Documents/AI/AGENCY /storyboard/auto-sync.sh: Operation not permitted
/bin/bash: /Users/oskarpeterson/Documents/AI/AGENCY /storyboard/auto-sync.sh: Operation not permitted
/bin/bash: /Users/oskarpeterson/Documents/AI/AGENCY /storyboard/auto-sync.sh: Operation not permitted
/bin/bash: /Users/oskarpeterson/Documents/AI/AGENCY /storyboard/auto-sync.sh: Operation not permitted
/bin/bash: /Users/oskarpeterson/Documents/AI/AGENCY /storyboard/auto-sync.sh: Operation not permitted
/bin/bash: /Users/oskarpeterson/Documents/AI/AGENCY /storyboard/auto-sync.sh: Operation not permitted
/bin/bash: /Users/oskarpeterson/Documents/AI/AGENCY /storyboard/auto-sync.sh: Operation not permitted
/bin/bash: /Users/oskarpeterson/Documents/AI/AGENCY /storyboard/auto-sync.sh: Operation not permitted
/bin/bash: /Users/oskarpeterson/Documents/AI/AGENCY /storyboard/auto-sync.sh: Operation not permitted
/bin/bash: /Users/oskarpeterson/Documents/AI/AGENCY /storyboard/auto-sync.sh: Operation not permitted
/bin/bash: /Users/oskarpeterson/Documents/AI/AGENCY /storyboard/auto-sync.sh: Operation not permitted
/bin/bash: /Users/oskarpeterson/Documents/AI/AGENCY /storyboard/auto-sync.sh: Operation not permitted
/bin/bash: /Users/oskarpeterson/Documents/AI/AGENCY /storyboard/auto-sync.sh: Operation not permitted
/bin/bash: /Users/oskarpeterson/Documents/AI/AGENCY /storyboard/auto-sync.sh: Operation not permitted
/bin/bash: /Users/oskarpeterson/Documents/AI/AGENCY /storyboard/auto-sync.sh: Operation not permitted
/bin/bash: /Users/oskarpeterson/Documents/AI/AGENCY /storyboard/auto-sync.sh: Operation not permitted
/bin/bash: /Users/oskarpeterson/Documents/AI/AGENCY /storyboard/auto-sync.sh: Operation not permitted
/bin/bash: /Users/oskarpeterson/Documents/AI/AGENCY /storyboard/auto-sync.sh: Operation not permitted
/bin/bash: /Users/oskarpeterson/Documents/AI/AGENCY /storyboard/auto-sync.sh: Operation not permitted
/bin/bash: /Users/oskarpeterson/Documents/AI/AGENCY /storyboard/auto-sync.sh: Operation not permitted
/bin/bash: /Users/oskarpeterson/Documents/AI/AGENCY /storyboard/auto-sync.sh: Operation not permitted
/bin/bash: /Users/oskarpeterson/Documents/AI/AGENCY /storyboard/auto-sync.sh: Operation not permitted
/bin/bash: /Users/oskarpeterson/Documents/AI/AGENCY /storyboard/auto-sync.sh: Operation not permitted
/bin/bash: /Users/oskarpeterson/Documents/AI/AGENCY /storyboard/auto-sync.sh: Operation not permitted
/bin/bash: /Users/oskarpeterson/Documents/AI/AGENCY /storyboard/auto-sync.sh: Operation not permitted
/bin/bash: /Users/oskarpeterson/Documents/AI/AGENCY /storyboard/auto-sync.sh: Operation not permitted
/bin/bash: /Users/oskarpeterson/Documents/AI/AGENCY /storyboard/auto-sync.sh: Operation not permitted
/bin/bash: /Users/oskarpeterson/Documents/AI/AGENCY /storyboard/auto-sync.sh: Operation not permitted
/bin/bash: /Users/oskarpeterson/Documents/AI/AGENCY /storyboard/auto-sync.sh: Operation not permitted
/bin/bash: /Users/oskarpeterson/Documents/AI/AGENCY /storyboard/auto-sync.sh: Operation not permitted
/bin/bash: /Users/oskarpeterson/Documents/AI/AGENCY /storyboard/auto-sync.sh: Operation not permitted
/bin/bash: /Users/oskarpeterson/Documents/AI/AGENCY /storyboard/auto-sync.sh: Operation not permitted
/bin/bash: /Users/oskarpeterson/Documents/AI/AGENCY /storyboard/auto-sync.sh: Operation not permitted
/bin/bash: /Users/oskarpeterson/Documents/AI/AGENCY /storyboard/auto-sync.sh: Operation not permitted
/bin/bash: /Users/oskarpeterson/Documents/AI/AGENCY /storyboard/auto-sync.sh: Operation not permitted
/bin/bash: /Users/oskarpeterson/Documents/AI/AGENCY /storyboard/auto-sync.sh: Operation not permitted
/bin/bash: /Users/oskarpeterson/Documents/AI/AGENCY /storyboard/auto-sync.sh: Operation not permitted
/bin/bash: /Users/oskarpeterson/Documents/AI/AGENCY /storyboard/auto-sync.sh: Operation not permitted
/bin/bash: /Users/oskarpeterson/Documents/AI/AGENCY /storyboard/auto-sync.sh: Operation not permitted
/bin/bash: /Users/oskarpeterson/Documents/AI/AGENCY /storyboard/auto-sync.sh: Operation not permitted
/bin/bash: /Users/oskarpeterson/Documents/AI/AGENCY /storyboard/auto-sync.sh: Operation not permitted
/bin/bash: /Users/oskarpeterson/Documents/AI/AGENCY /storyboard/auto-sync.sh: Operation not permitted
/bin/bash: /Users/oskarpeterson/Documents/AI/AGENCY /storyboard/auto-sync.sh: Operation not permitted
/bin/bash: /Users/oskarpeterson/Documents/AI/AGENCY /storyboard/auto-sync.sh: Operation not permitted
/bin/bash: /Users/oskarpeterson/Documents/AI/AGENCY /storyboard/auto-sync.sh: Operation not permitted
/bin/bash: /Users/oskarpeterson/Documents/AI/AGENCY /storyboard/auto-sync.sh: Operation not permitted
/bin/bash: /Users/oskarpeterson/Documents/AI/AGENCY /storyboard/auto-sync.sh: Operation not permitted
/bin/bash: /Users/oskarpeterson/Documents/AI/AGENCY /storyboard/auto-sync.sh: Operation not permitted
/bin/bash: /Users/oskarpeterson/Documents/AI/AGENCY /storyboard/auto-sync.sh: Operation not permitted
/bin/bash: /Users/oskarpeterson/Documents/AI/AGENCY /storyboard/auto-sync.sh: Operation not permitted
/bin/bash: /Users/oskarpeterson/Documents/AI/AGENCY /storyboard/auto-sync.sh: Operation not permitted
/bin/bash: /Users/oskarpeterson/Documents/AI/AGENCY /storyboard/auto-sync.sh: Operation not permitted
/bin/bash: /Users/oskarpeterson/Documents/AI/AGENCY /storyboard/auto-sync.sh: Operation not permitted
/bin/bash: /Users/oskarpeterson/Documents/AI/AGENCY /storyboard/auto-sync.sh: Operation not permitted
/bin/bash: /Users/oskarpeterson/Documents/AI/AGENCY /storyboard/auto-sync.sh: Operation not permitted
/bin/bash: /Users/oskarpeterson/Documents/AI/AGENCY /storyboard/auto-sync.sh: Operation not permitted
/bin/bash: /Users/oskarpeterson/Documents/AI/AGENCY /storyboard/auto-sync.sh: Operation not permitted
/bin/bash: /Users/oskarpeterson/Documents/AI/AGENCY /storyboard/auto-sync.sh: Operation not permitted
/bin/bash: /Users/oskarpeterson/Documents/AI/AGENCY /storyboard/auto-sync.sh: Operation not permitted
/bin/bash: /Users/oskarpeterson/Documents/AI/AGENCY /storyboard/auto-sync.sh: Operation not permitted
/bin/bash: /Users/oskarpeterson/Documents/AI/AGENCY /storyboard/auto-sync.sh: Operation not permitted
/bin/bash: /Users/oskarpeterson/Documents/AI/AGENCY /storyboard/auto-sync.sh: Operation not permitted
/bin/bash: /Users/oskarpeterson/Documents/AI/AGENCY /storyboard/auto-sync.sh: Operation not permitted
/bin/bash: /Users/oskarpeterson/Documents/AI/AGENCY /storyboard/auto-sync.sh: Operation not permitted
/bin/bash: /Users/oskarpeterson/Documents/AI/AGENCY /storyboard/auto-sync.sh: Operation not permitted
/bin/bash: /Users/oskarpeterson/Documents/AI/AGENCY /storyboard/auto-sync.sh: Operation not permitted
/bin/bash: /Users/oskarpeterson/Documents/AI/AGENCY /storyboard/auto-sync.sh: Operation not permitted
/bin/bash: /Users/oskarpeterson/Documents/AI/AGENCY /storyboard/auto-sync.sh: Operation not permitted
/bin/bash: /Users/oskarpeterson/Documents/AI/AGENCY /storyboard/auto-sync.sh: Operation not permitted
/bin/bash: /Users/oskarpeterson/Documents/AI/AGENCY /storyboard/auto-sync.sh: Operation not permitted
/bin/bash: /Users/oskarpeterson/Documents/AI/AGENCY /storyboard/auto-sync.sh: Operation not permitted
/bin/bash: /Users/oskarpeterson/Documents/AI/AGENCY /storyboard/auto-sync.sh: Operation not permitted
/bin/bash: /Users/oskarpeterson/Documents/AI/AGENCY /storyboard/auto-sync.sh: Operation not permitted
/bin/bash: /Users/oskarpeterson/Documents/AI/AGENCY /storyboard/auto-sync.sh: Operation not permitted
/bin/bash: /Users/oskarpeterson/Documents/AI/AGENCY /storyboard/auto-sync.sh: Operation not permitted
/bin/bash: /Users/oskarpeterson/Documents/AI/AGENCY /storyboard/auto-sync.sh: Operation not permitted
/bin/bash: /Users/oskarpeterson/Documents/AI/AGENCY /storyboard/auto-sync.sh: Operation not permitted
/bin/bash: /Users/oskarpeterson/Documents/AI/AGENCY /storyboard/auto-sync.sh: Operation not permitted
/bin/bash: /Users/oskarpeterson/Documents/AI/AGENCY /storyboard/auto-sync.sh: Operation not permitted
/bin/bash: /Users/oskarpeterson/Documents/AI/AGENCY /storyboard/auto-sync.sh: Operation not permitted
/bin/bash: /Users/oskarpeterson/Documents/AI/AGENCY /storyboard/auto-sync.sh: Operation not permitted
/bin/bash: /Users/oskarpeterson/Documents/AI/AGENCY /storyboard/auto-sync.sh: Operation not permitted
/bin/bash: /Users/oskarpeterson/Documents/AI/AGENCY /storyboard/auto-sync.sh: Operation not permitted
/bin/bash: /Users/oskarpeterson/Documents/AI/AGENCY /storyboard/auto-sync.sh: Operation not permitted
/bin/bash: /Users/oskarpeterson/Documents/AI/AGENCY /storyboard/auto-sync.sh: Operation not permitted
/bin/bash: /Users/oskarpeterson/Documents/AI/AGENCY /storyboard/auto-sync.sh: Operation not permitted
/bin/bash: /Users/oskarpeterson/Documents/AI/AGENCY /storyboard/auto-sync.sh: Operation not permitted
/bin/bash: /Users/oskarpeterson/Documents/AI/AGENCY /storyboard/auto-sync.sh: Operation not permitted
/bin/bash: /Users/oskarpeterson/Documents/AI/AGENCY /storyboard/auto-sync.sh: Operation not permitted
/bin/bash: /Users/oskarpeterson/Documents/AI/AGENCY /storyboard/auto-sync.sh: Operation not permitted
/bin/bash: /Users/oskarpeterson/Documents/AI/AGENCY /storyboard/auto-sync.sh: Operation not permitted
/bin/bash: /Users/oskarpeterson/Documents/AI/AGENCY /storyboard/auto-sync.sh: Operation not permitted
/bin/bash: /Users/oskarpeterson/Documents/AI/AGENCY /storyboard/auto-sync.sh: Operation not permitted
/bin/bash: /Users/oskarpeterson/Documents/AI/AGENCY /storyboard/auto-sync.sh: Operation not permitted
/bin/bash: /Users/oskarpeterson/Documents/AI/AGENCY /storyboard/auto-sync.sh: Operation not permitted
/bin/bash: /Users/oskarpeterson/Documents/AI/AGENCY /storyboard/auto-sync.sh: Operation not permitted
/bin/bash: /Users/oskarpeterson/Documents/AI/AGENCY /storyboard/auto-sync.sh: Operation not permitted
/bin/bash: /Users/oskarpeterson/Documents/AI/AGENCY /storyboard/auto-sync.sh: Operation not permitted
/bin/bash: /Users/oskarpeterson/Documents/AI/AGENCY /storyboard/auto-sync.sh: Operation not permitted
/bin/bash: /Users/oskarpeterson/Documents/AI/AGENCY /storyboard/auto-sync.sh: Operation not permitted
/bin/bash: /Users/oskarpeterson/Documents/AI/AGENCY /storyboard/auto-sync.sh: Operation not permitted
/bin/bash: /Users/oskarpeterson/Documents/AI/AGENCY /storyboard/auto-sync.sh: Operation not permitted
/bin/bash: /Users/oskarpeterson/Documents/AI/AGENCY /storyboard/auto-sync.sh: Operation not permitted
/bin/bash: /Users/oskarpeterson/Documents/AI/AGENCY /storyboard/auto-sync.sh: Operation not permitted
/bin/bash: /Users/oskarpeterson/Documents/AI/AGENCY /storyboard/auto-sync.sh: Operation not permitted
/bin/bash: /Users/oskarpeterson/Documents/AI/AGENCY /storyboard/auto-sync.sh: Operation not permitted
/bin/bash: /Users/oskarpeterson/Documents/AI/AGENCY /storyboard/auto-sync.sh: Operation not permitted
/bin/bash: /Users/oskarpeterson/Documents/AI/AGENCY /storyboard/auto-sync.sh: Operation not permitted
/bin/bash: /Users/oskarpeterson/Documents/AI/AGENCY /storyboard/auto-sync.sh: Operation not permitted
/bin/bash: /Users/oskarpeterson/Documents/AI/AGENCY /storyboard/auto-sync.sh: Operation not permitted
/bin/bash: /Users/oskarpeterson/Documents/AI/AGENCY /storyboard/auto-sync.sh: Operation not permitted
/bin/bash: /Users/oskarpeterson/Documents/AI/AGENCY /storyboard/auto-sync.sh: Operation not permitted
/bin/bash: /Users/oskarpeterson/Documents/AI/AGENCY /storyboard/auto-sync.sh: Operation not permitted
/bin/bash: /Users/oskarpeterson/Documents/AI/AGENCY /storyboard/auto-sync.sh: Operation not permitted
/bin/bash: /Users/oskarpeterson/Documents/AI/AGENCY /storyboard/auto-sync.sh: Operation not permitted
/bin/bash: /Users/oskarpeterson/Documents/AI/AGENCY /storyboard/auto-sync.sh: Operation not permitted
/bin/bash: /Users/oskarpeterson/Documents/AI/AGENCY /storyboard/auto-sync.sh: Operation not permitted
/bin/bash: /Users/oskarpeterson/Documents/AI/AGENCY /storyboard/auto-sync.sh: Operation not permitted
/bin/bash: /Users/oskarpeterson/Documents/AI/AGENCY /storyboard/auto-sync.sh: Operation not permitted
/bin/bash: /Users/oskarpeterson/Documents/AI/AGENCY /storyboard/auto-sync.sh: Operation not permitted
/bin/bash: /Users/oskarpeterson/Documents/AI/AGENCY /storyboard/auto-sync.sh: Operation not permitted
/bin/bash: /Users/oskarpeterson/Documents/AI/AGENCY /storyboard/auto-sync.sh: Operation not permitted
/bin/bash: /Users/oskarpeterson/Documents/AI/AGENCY /storyboard/auto-sync.sh: Operation not permitted
/bin/bash: /Users/oskarpeterson/Documents/AI/AGENCY /storyboard/auto-sync.sh: Operation not permitted
/bin/bash: /Users/oskarpeterson/Documents/AI/AGENCY /storyboard/auto-sync.sh: Operation not permitted
/bin/bash: /Users/oskarpeterson/Documents/AI/AGENCY /storyboard/auto-sync.sh: Operation not permitted
/bin/bash: /Users/oskarpeterson/Documents/AI/AGENCY /storyboard/auto-sync.sh: Operation not permitted
/bin/bash: /Users/oskarpeterson/Documents/AI/AGENCY /storyboard/auto-sync.sh: Operation not permitted
/bin/bash: /Users/oskarpeterson/Documents/AI/AGENCY /storyboard/auto-sync.sh: Operation not permitted
/bin/bash: /Users/oskarpeterson/Documents/AI/AGENCY /storyboard/auto-sync.sh: Operation not permitted
/bin/bash: /Users/oskarpeterson/Documents/AI/AGENCY /storyboard/auto-sync.sh: Operation not permitted
/bin/bash: /Users/oskarpeterson/Documents/AI/AGENCY /storyboard/auto-sync.sh: Operation not permitted
/bin/bash: /Users/oskarpeterson/Documents/AI/AGENCY /storyboard/auto-sync.sh: Operation not permitted
/bin/bash: /Users/oskarpeterson/Documents/AI/AGENCY /storyboard/auto-sync.sh: Operation not permitted
/bin/bash: /Users/oskarpeterson/Documents/AI/AGENCY /storyboard/auto-sync.sh: Operation not permitted
/bin/bash: /Users/oskarpeterson/Documents/AI/AGENCY /storyboard/auto-sync.sh: Operation not permitted
/bin/bash: /Users/oskarpeterson/Documents/AI/AGENCY /storyboard/auto-sync.sh: Operation not permitted
/bin/bash: /Users/oskarpeterson/Documents/AI/AGENCY /storyboard/auto-sync.sh: Operation not permitted
/bin/bash: /Users/oskarpeterson/Documents/AI/AGENCY /storyboard/auto-sync.sh: Operation not permitted
/bin/bash: /Users/oskarpeterson/Documents/AI/AGENCY /storyboard/auto-sync.sh: Operation not permitted
/bin/bash: /Users/oskarpeterson/Documents/AI/AGENCY /storyboard/auto-sync.sh: Operation not permitted
/bin/bash: /Users/oskarpeterson/Documents/AI/AGENCY /storyboard/auto-sync.sh: Operation not permitted
/bin/bash: /Users/oskarpeterson/Documents/AI/AGENCY /storyboard/auto-sync.sh: Operation not permitted
/bin/bash: /Users/oskarpeterson/Documents/AI/AGENCY /storyboard/auto-sync.sh: Operation not permitted
/bin/bash: /Users/oskarpeterson/Documents/AI/AGENCY /storyboard/auto-sync.sh: Operation not permitted
/bin/bash: /Users/oskarpeterson/Documents/AI/AGENCY /storyboard/auto-sync.sh: Operation not permitted
/bin/bash: /Users/oskarpeterson/Documents/AI/AGENCY /storyboard/auto-sync.sh: Operation not permitted
/bin/bash: /Users/oskarpeterson/Documents/AI/AGENCY /storyboard/auto-sync.sh: Operation not permitted
/bin/bash: /Users/oskarpeterson/Documents/AI/AGENCY /storyboard/auto-sync.sh: Operation not permitted
/bin/bash: /Users/oskarpeterson/Documents/AI/AGENCY /storyboard/auto-sync.sh: Operation not permitted
/bin/bash: /Users/oskarpeterson/Documents/AI/AGENCY /storyboard/auto-sync.sh: Operation not permitted
/bin/bash: /Users/oskarpeterson/Documents/AI/AGENCY /storyboard/auto-sync.sh: Operation not permitted
/bin/bash: /Users/oskarpeterson/Documents/AI/AGENCY /storyboard/auto-sync.sh: Operation not permitted
/bin/bash: /Users/oskarpeterson/Documents/AI/AGENCY /storyboard/auto-sync.sh: Operation not permitted
/bin/bash: /Users/oskarpeterson/Documents/AI/AGENCY /storyboard/auto-sync.sh: Operation not permitted
/bin/bash: /Users/oskarpeterson/Documents/AI/AGENCY /storyboard/auto-sync.sh: Operation not permitted
/bin/bash: /Users/oskarpeterson/Documents/AI/AGENCY /storyboard/auto-sync.sh: Operation not permitted
/bin/bash: /Users/oskarpeterson/Documents/AI/AGENCY /storyboard/auto-sync.sh: Operation not permitted
/bin/bash: /Users/oskarpeterson/Documents/AI/AGENCY /storyboard/auto-sync.sh: Operation not permitted
/bin/bash: /Users/oskarpeterson/Documents/AI/AGENCY /storyboard/auto-sync.sh: Operation not permitted
/bin/bash: /Users/oskarpeterson/Documents/AI/AGENCY /storyboard/auto-sync.sh: Operation not permitted
/bin/bash: /Users/oskarpeterson/Documents/AI/AGENCY /storyboard/auto-sync.sh: Operation not permitted
/bin/bash: /Users/oskarpeterson/Documents/AI/AGENCY /storyboard/auto-sync.sh: Operation not permitted
/bin/bash: /Users/oskarpeterson/Documents/AI/AGENCY /storyboard/auto-sync.sh: Operation not permitted
/bin/bash: /Users/oskarpeterson/Documents/AI/AGENCY /storyboard/auto-sync.sh: Operation not permitted
/bin/bash: /Users/oskarpeterson/Documents/AI/AGENCY /storyboard/auto-sync.sh: Operation not permitted
/bin/bash: /Users/oskarpeterson/Documents/AI/AGENCY /storyboard/auto-sync.sh: Operation not permitted
/bin/bash: /Users/oskarpeterson/Documents/AI/AGENCY /storyboard/auto-sync.sh: Operation not permitted
/bin/bash: /Users/oskarpeterson/Documents/AI/AGENCY /storyboard/auto-sync.sh: Operation not permitted
/bin/bash: /Users/oskarpeterson/Documents/AI/AGENCY /storyboard/auto-sync.sh: Operation not permitted
/bin/bash: /Users/oskarpeterson/Documents/AI/AGENCY /storyboard/auto-sync.sh: Operation not permitted
/bin/bash: /Users/oskarpeterson/Documents/AI/AGENCY /storyboard/auto-sync.sh: Operation not permitted
/bin/bash: /Users/oskarpeterson/Documents/AI/AGENCY /storyboard/auto-sync.sh: Operation not permitted
/bin/bash: /Users/oskarpeterson/Documents/AI/AGENCY /storyboard/auto-sync.sh: Operation not permitted
/bin/bash: /Users/oskarpeterson/Documents/AI/AGENCY /storyboard/auto-sync.sh: Operation not permitted
/bin/bash: /Users/oskarpeterson/Documents/AI/AGENCY /storyboard/auto-sync.sh: Operation not permitted
/bin/bash: /Users/oskarpeterson/Documents/AI/AGENCY /storyboard/auto-sync.sh: Operation not permitted
/bin/bash: /Users/oskarpeterson/Documents/AI/AGENCY /storyboard/auto-sync.sh: Operation not permitted
/bin/bash: /Users/oskarpeterson/Documents/AI/AGENCY /storyboard/auto-sync.sh: Operation not permitted
/bin/bash: /Users/oskarpeterson/Documents/AI/AGENCY /storyboard/auto-sync.sh: Operation not permitted
/bin/bash: /Users/oskarpeterson/Documents/AI/AGENCY /storyboard/auto-sync.sh: Operation not permitted
/bin/bash: /Users/oskarpeterson/Documents/AI/AGENCY /storyboard/auto-sync.sh: Operation not permitted
/bin/bash: /Users/oskarpeterson/Documents/AI/AGENCY /storyboard/auto-sync.sh: Operation not permitted
/bin/bash: /Users/oskarpeterson/Documents/AI/AGENCY /storyboard/auto-sync.sh: Operation not permitted
/bin/bash: /Users/oskarpeterson/Documents/AI/AGENCY /storyboard/auto-sync.sh: Operation not permitted
/bin/bash: /Users/oskarpeterson/Documents/AI/AGENCY /storyboard/auto-sync.sh: Operation not permitted
/bin/bash: /Users/oskarpeterson/Documents/AI/AGENCY /storyboard/auto-sync.sh: Operation not permitted
/bin/bash: /Users/oskarpeterson/Documents/AI/AGENCY /storyboard/auto-sync.sh: Operation not permitted
/bin/bash: /Users/oskarpeterson/Documents/AI/AGENCY /storyboard/auto-sync.sh: Operation not permitted
/bin/bash: /Users/oskarpeterson/Documents/AI/AGENCY /storyboard/auto-sync.sh: Operation not permitted
/bin/bash: /Users/oskarpeterson/Documents/AI/AGENCY /storyboard/auto-sync.sh: Operation not permitted
/bin/bash: /Users/oskarpeterson/Documents/AI/AGENCY /storyboard/auto-sync.sh: Operation not permitted
/bin/bash: /Users/oskarpeterson/Documents/AI/AGENCY /storyboard/auto-sync.sh: Operation not permitted
/bin/bash: /Users/oskarpeterson/Documents/AI/AGENCY /storyboard/auto-sync.sh: Operation not permitted
/bin/bash: /Users/oskarpeterson/Documents/AI/AGENCY /storyboard/auto-sync.sh: Operation not permitted
/bin/bash: /Users/oskarpeterson/Documents/AI/AGENCY /storyboard/auto-sync.sh: Operation not permitted
/bin/bash: /Users/oskarpeterson/Documents/AI/AGENCY /storyboard/auto-sync.sh: Operation not permitted
/bin/bash: /Users/oskarpeterson/Documents/AI/AGENCY /storyboard/auto-sync.sh: Operation not permitted
/bin/bash: /Users/oskarpeterson/Documents/AI/AGENCY /storyboard/auto-sync.sh: Operation not permitted
/bin/bash: /Users/oskarpeterson/Documents/AI/AGENCY /storyboard/auto-sync.sh: Operation not permitted
/bin/bash: /Users/oskarpeterson/Documents/AI/AGENCY /storyboard/auto-sync.sh: Operation not permitted
/bin/bash: /Users/oskarpeterson/Documents/AI/AGENCY /storyboard/auto-sync.sh: Operation not permitted
/bin/bash: /Users/oskarpeterson/Documents/AI/AGENCY /storyboard/auto-sync.sh: Operation not permitted
/bin/bash: /Users/oskarpeterson/Documents/AI/AGENCY /storyboard/auto-sync.sh: Operation not permitted
/bin/bash: /Users/oskarpeterson/Documents/AI/AGENCY /storyboard/auto-sync.sh: Operation not permitted
/bin/bash: /Users/oskarpeterson/Documents/AI/AGENCY /storyboard/auto-sync.sh: Operation not permitted
/bin/bash: /Users/oskarpeterson/Documents/AI/AGENCY /storyboard/auto-sync.sh: Operation not permitted
/bin/bash: /Users/oskarpeterson/Documents/AI/AGENCY /storyboard/auto-sync.sh: Operation not permitted
/bin/bash: /Users/oskarpeterson/Documents/AI/AGENCY /storyboard/auto-sync.sh: Operation not permitted
/bin/bash: /Users/oskarpeterson/Documents/AI/AGENCY /storyboard/auto-sync.sh: Operation not permitted
/bin/bash: /Users/oskarpeterson/Documents/AI/AGENCY /storyboard/auto-sync.sh: Operation not permitted
/bin/bash: /Users/oskarpeterson/Documents/AI/AGENCY /storyboard/auto-sync.sh: Operation not permitted
/bin/bash: /Users/oskarpeterson/Documents/AI/AGENCY /storyboard/auto-sync.sh: Operation not permitted
/bin/bash: /Users/oskarpeterson/Documents/AI/AGENCY /storyboard/auto-sync.sh: Operation not permitted
/bin/bash: /Users/oskarpeterson/Documents/AI/AGENCY /storyboard/auto-sync.sh: Operation not permitted
/bin/bash: /Users/oskarpeterson/Documents/AI/AGENCY /storyboard/auto-sync.sh: Operation not permitted
/bin/bash: /Users/oskarpeterson/Documents/AI/AGENCY /storyboard/auto-sync.sh: Operation not permitted
/bin/bash: /Users/oskarpeterson/Documents/AI/AGENCY /storyboard/auto-sync.sh: Operation not permitted
/bin/bash: /Users/oskarpeterson/Documents/AI/AGENCY /storyboard/auto-sync.sh: Operation not permitted
/bin/bash: /Users/oskarpeterson/Documents/AI/AGENCY /storyboard/auto-sync.sh: Operation not permitted
/bin/bash: /Users/oskarpeterson/Documents/AI/AGENCY /storyboard/auto-sync.sh: Operation not permitted
/bin/bash: /Users/oskarpeterson/Documents/AI/AGENCY /storyboard/auto-sync.sh: Operation not permitted
/bin/bash: /Users/oskarpeterson/Documents/AI/AGENCY /storyboard/auto-sync.sh: Operation not permitted
/bin/bash: /Users/oskarpeterson/Documents/AI/AGENCY /storyboard/auto-sync.sh: Operation not permitted
/bin/bash: /Users/oskarpeterson/Documents/AI/AGENCY /storyboard/auto-sync.sh: Operation not permitted
/bin/bash: /Users/oskarpeterson/Documents/AI/AGENCY /storyboard/auto-sync.sh: Operation not permitted
/bin/bash: /Users/oskarpeterson/Documents/AI/AGENCY /storyboard/auto-sync.sh: Operation not permitted
/bin/bash: /Users/oskarpeterson/Documents/AI/AGENCY /storyboard/auto-sync.sh: Operation not permitted
/bin/bash: /Users/oskarpeterson/Documents/AI/AGENCY /storyboard/auto-sync.sh: Operation not permitted
/bin/bash: /Users/oskarpeterson/Documents/AI/AGENCY /storyboard/auto-sync.sh: Operation not permitted
/bin/bash: /Users/oskarpeterson/Documents/AI/AGENCY /storyboard/auto-sync.sh: Operation not permitted
/bin/bash: /Users/oskarpeterson/Documents/AI/AGENCY /storyboard/auto-sync.sh: Operation not permitted
/bin/bash: /Users/oskarpeterson/Documents/AI/AGENCY /storyboard/auto-sync.sh: Operation not permitted
/bin/bash: /Users/oskarpeterson/Documents/AI/AGENCY /storyboard/auto-sync.sh: Operation not permitted
/bin/bash: /Users/oskarpeterson/Documents/AI/AGENCY /storyboard/auto-sync.sh: Operation not permitted
/bin/bash: /Users/oskarpeterson/Documents/AI/AGENCY /storyboard/auto-sync.sh: Operation not permitted
/bin/bash: /Users/oskarpeterson/Documents/AI/AGENCY /storyboard/auto-sync.sh: Operation not permitted
/bin/bash: /Users/oskarpeterson/Documents/AI/AGENCY /storyboard/auto-sync.sh: Operation not permitted
/bin/bash: /Users/oskarpeterson/Documents/AI/AGENCY /storyboard/auto-sync.sh: Operation not permitted
/bin/bash: /Users/oskarpeterson/Documents/AI/AGENCY /storyboard/auto-sync.sh: Operation not permitted
/bin/bash: /Users/oskarpeterson/Documents/AI/AGENCY /storyboard/auto-sync.sh: Operation not permitted
/bin/bash: /Users/oskarpeterson/Documents/AI/AGENCY /storyboard/auto-sync.sh: Operation not permitted
/bin/bash: /Users/oskarpeterson/Documents/AI/AGENCY /storyboard/auto-sync.sh: Operation not permitted
/bin/bash: /Users/oskarpeterson/Documents/AI/AGENCY /storyboard/auto-sync.sh: Operation not permitted
/bin/bash: /Users/oskarpeterson/Documents/AI/AGENCY /storyboard/auto-sync.sh: Operation not permitted
/bin/bash: /Users/oskarpeterson/Documents/AI/AGENCY /storyboard/auto-sync.sh: Operation not permitted
/bin/bash: /Users/oskarpeterson/Documents/AI/AGENCY /storyboard/auto-sync.sh: Operation not permitted
/bin/bash: /Users/oskarpeterson/Documents/AI/AGENCY /storyboard/auto-sync.sh: Operation not permitted
/bin/bash: /Users/oskarpeterson/Documents/AI/AGENCY /storyboard/auto-sync.sh: Operation not permitted
/bin/bash: /Users/oskarpeterson/Documents/AI/AGENCY /storyboard/auto-sync.sh: Operation not permitted
/bin/bash: /Users/oskarpeterson/Documents/AI/AGENCY /storyboard/auto-sync.sh: Operation not permitted
/bin/bash: /Users/oskarpeterson/Documents/AI/AGENCY /storyboard/auto-sync.sh: Operation not permitted
/bin/bash: /Users/oskarpeterson/Documents/AI/AGENCY /storyboard/auto-sync.sh: Operation not permitted
/bin/bash: /Users/oskarpeterson/Documents/AI/AGENCY /storyboard/auto-sync.sh: Operation not permitted
/bin/bash: /Users/oskarpeterson/Documents/AI/AGENCY /storyboard/auto-sync.sh: Operation not permitted
/bin/bash: /Users/oskarpeterson/Documents/AI/AGENCY /storyboard/auto-sync.sh: Operation not permitted
/bin/bash: /Users/oskarpeterson/Documents/AI/AGENCY /storyboard/auto-sync.sh: Operation not permitted
/bin/bash: /Users/oskarpeterson/Documents/AI/AGENCY /storyboard/auto-sync.sh: Operation not permitted
/bin/bash: /Users/oskarpeterson/Documents/AI/AGENCY /storyboard/auto-sync.sh: Operation not permitted
/bin/bash: /Users/oskarpeterson/Documents/AI/AGENCY /storyboard/auto-sync.sh: Operation not permitted
/bin/bash: /Users/oskarpeterson/Documents/AI/AGENCY /storyboard/auto-sync.sh: Operation not permitted
/bin/bash: /Users/oskarpeterson/Documents/AI/AGENCY /storyboard/auto-sync.sh: Operation not permitted
/bin/bash: /Users/oskarpeterson/Documents/AI/AGENCY /storyboard/auto-sync.sh: Operation not permitted
/bin/bash: /Users/oskarpeterson/Documents/AI/AGENCY /storyboard/auto-sync.sh: Operation not permitted
/bin/bash: /Users/oskarpeterson/Documents/AI/AGENCY /storyboard/auto-sync.sh: Operation not permitted
/bin/bash: /Users/oskarpeterson/Documents/AI/AGENCY /storyboard/auto-sync.sh: Operation not permitted
/bin/bash: /Users/oskarpeterson/Documents/AI/AGENCY /storyboard/auto-sync.sh: Operation not permitted
/bin/bash: /Users/oskarpeterson/Documents/AI/AGENCY /storyboard/auto-sync.sh: Operation not permitted
/bin/bash: /Users/oskarpeterson/Documents/AI/AGENCY /storyboard/auto-sync.sh: Operation not permitted
/bin/bash: /Users/oskarpeterson/Documents/AI/AGENCY /storyboard/auto-sync.sh: Operation not permitted
/bin/bash: /Users/oskarpeterson/Documents/AI/AGENCY /storyboard/auto-sync.sh: Operation not permitted
/bin/bash: /Users/oskarpeterson/Documents/AI/AGENCY /storyboard/auto-sync.sh: Operation not permitted
/bin/bash: /Users/oskarpeterson/Documents/AI/AGENCY /storyboard/auto-sync.sh: Operation not permitted
/bin/bash: /Users/oskarpeterson/Documents/AI/AGENCY /storyboard/auto-sync.sh: Operation not permitted
/bin/bash: /Users/oskarpeterson/Documents/AI/AGENCY /storyboard/auto-sync.sh: Operation not permitted
/bin/bash: /Users/oskarpeterson/Documents/AI/AGENCY /storyboard/auto-sync.sh: Operation not permitted
/bin/bash: /Users/oskarpeterson/Documents/AI/AGENCY /storyboard/auto-sync.sh: Operation not permitted
/bin/bash: /Users/oskarpeterson/Documents/AI/AGENCY /storyboard/auto-sync.sh: Operation not permitted
/bin/bash: /Users/oskarpeterson/Documents/AI/AGENCY /storyboard/auto-sync.sh: Operation not permitted
/bin/bash: /Users/oskarpeterson/Documents/AI/AGENCY /storyboard/auto-sync.sh: Operation not permitted
/bin/bash: /Users/oskarpeterson/Documents/AI/AGENCY /storyboard/auto-sync.sh: Operation not permitted
/bin/bash: /Users/oskarpeterson/Documents/AI/AGENCY /storyboard/auto-sync.sh: Operation not permitted
/bin/bash: /Users/oskarpeterson/Documents/AI/AGENCY /storyboard/auto-sync.sh: Operation not permitted
/bin/bash: /Users/oskarpeterson/Documents/AI/AGENCY /storyboard/auto-sync.sh: Operation not permitted
/bin/bash: /Users/oskarpeterson/Documents/AI/AGENCY /storyboard/auto-sync.sh: Operation not permitted
/bin/bash: /Users/oskarpeterson/Documents/AI/AGENCY /storyboard/auto-sync.sh: Operation not permitted
/bin/bash: /Users/oskarpeterson/Documents/AI/AGENCY /storyboard/auto-sync.sh: Operation not permitted
/bin/bash: /Users/oskarpeterson/Documents/AI/AGENCY /storyboard/auto-sync.sh: Operation not permitted
/bin/bash: /Users/oskarpeterson/Documents/AI/AGENCY /storyboard/auto-sync.sh: Operation not permitted
/bin/bash: /Users/oskarpeterson/Documents/AI/AGENCY /storyboard/auto-sync.sh: Operation not permitted
/bin/bash: /Users/oskarpeterson/Documents/AI/AGENCY /storyboard/auto-sync.sh: Operation not permitted
/bin/bash: /Users/oskarpeterson/Documents/AI/AGENCY /storyboard/auto-sync.sh: Operation not permitted
/bin/bash: /Users/oskarpeterson/Documents/AI/AGENCY /storyboard/auto-sync.sh: Operation not permitted
/bin/bash: /Users/oskarpeterson/Documents/AI/AGENCY /storyboard/auto-sync.sh: Operation not permitted
/bin/bash: /Users/oskarpeterson/Documents/AI/AGENCY /storyboard/auto-sync.sh: Operation not permitted
/bin/bash: /Users/oskarpeterson/Documents/AI/AGENCY /storyboard/auto-sync.sh: Operation not permitted
/bin/bash: /Users/oskarpeterson/Documents/AI/AGENCY /storyboard/auto-sync.sh: Operation not permitted
/bin/bash: /Users/oskarpeterson/Documents/AI/AGENCY /storyboard/auto-sync.sh: Operation not permitted
/bin/bash: /Users/oskarpeterson/Documents/AI/AGENCY /storyboard/auto-sync.sh: Operation not permitted
/bin/bash: /Users/oskarpeterson/Documents/AI/AGENCY /storyboard/auto-sync.sh: Operation not permitted
/bin/bash: /Users/oskarpeterson/Documents/AI/AGENCY /storyboard/auto-sync.sh: Operation not permitted
/bin/bash: /Users/oskarpeterson/Documents/AI/AGENCY /storyboard/auto-sync.sh: Operation not permitted
/bin/bash: /Users/oskarpeterson/Documents/AI/AGENCY /storyboard/auto-sync.sh: Operation not permitted
/bin/bash: /Users/oskarpeterson/Documents/AI/AGENCY /storyboard/auto-sync.sh: Operation not permitted
/bin/bash: /Users/oskarpeterson/Documents/AI/AGENCY /storyboard/auto-sync.sh: Operation not permitted
/bin/bash: /Users/oskarpeterson/Documents/AI/AGENCY /storyboard/auto-sync.sh: Operation not permitted
/bin/bash: /Users/oskarpeterson/Documents/AI/AGENCY /storyboard/auto-sync.sh: Operation not permitted
/bin/bash: /Users/oskarpeterson/Documents/AI/AGENCY /storyboard/auto-sync.sh: Operation not permitted
/bin/bash: /Users/oskarpeterson/Documents/AI/AGENCY /storyboard/auto-sync.sh: Operation not permitted
/bin/bash: /Users/oskarpeterson/Documents/AI/AGENCY /storyboard/auto-sync.sh: Operation not permitted
/bin/bash: /Users/oskarpeterson/Documents/AI/AGENCY /storyboard/auto-sync.sh: Operation not permitted
/bin/bash: /Users/oskarpeterson/Documents/AI/AGENCY /storyboard/auto-sync.sh: Operation not permitted
/bin/bash: /Users/oskarpeterson/Documents/AI/AGENCY /storyboard/auto-sync.sh: Operation not permitted
/bin/bash: /Users/oskarpeterson/Documents/AI/AGENCY /storyboard/auto-sync.sh: Operation not permitted
/bin/bash: /Users/oskarpeterson/Documents/AI/AGENCY /storyboard/auto-sync.sh: Operation not permitted
/bin/bash: /Users/oskarpeterson/Documents/AI/AGENCY /storyboard/auto-sync.sh: Operation not permitted
/bin/bash: /Users/oskarpeterson/Documents/AI/AGENCY /storyboard/auto-sync.sh: Operation not permitted
/bin/bash: /Users/oskarpeterson/Documents/AI/AGENCY /storyboard/auto-sync.sh: Operation not permitted
/bin/bash: /Users/oskarpeterson/Documents/AI/AGENCY /storyboard/auto-sync.sh: Operation not permitted
/bin/bash: /Users/oskarpeterson/Documents/AI/AGENCY /storyboard/auto-sync.sh: Operation not permitted
/bin/bash: /Users/oskarpeterson/Documents/AI/AGENCY /storyboard/auto-sync.sh: Operation not permitted
/bin/bash: /Users/oskarpeterson/Documents/AI/AGENCY /storyboard/auto-sync.sh: Operation not permitted
/bin/bash: /Users/oskarpeterson/Documents/AI/AGENCY /storyboard/auto-sync.sh: Operation not permitted
/bin/bash: /Users/oskarpeterson/Documents/AI/AGENCY /storyboard/auto-sync.sh: Operation not permitted
/bin/bash: /Users/oskarpeterson/Documents/AI/AGENCY /storyboard/auto-sync.sh: Operation not permitted
/bin/bash: /Users/oskarpeterson/Documents/AI/AGENCY /storyboard/auto-sync.sh: Operation not permitted
/bin/bash: /Users/oskarpeterson/Documents/AI/AGENCY /storyboard/auto-sync.sh: Operation not permitted
/bin/bash: /Users/oskarpeterson/Documents/AI/AGENCY /storyboard/auto-sync.sh: Operation not permitted
/bin/bash: /Users/oskarpeterson/Documents/AI/AGENCY /storyboard/auto-sync.sh: Operation not permitted
/bin/bash: /Users/oskarpeterson/Documents/AI/AGENCY /storyboard/auto-sync.sh: Operation not permitted
/bin/bash: /Users/oskarpeterson/Documents/AI/AGENCY /storyboard/auto-sync.sh: Operation not permitted
/bin/bash: /Users/oskarpeterson/Documents/AI/AGENCY /storyboard/auto-sync.sh: Operation not permitted
/bin/bash: /Users/oskarpeterson/Documents/AI/AGENCY /storyboard/auto-sync.sh: Operation not permitted
/bin/bash: /Users/oskarpeterson/Documents/AI/AGENCY /storyboard/auto-sync.sh: Operation not permitted
/bin/bash: /Users/oskarpeterson/Documents/AI/AGENCY /storyboard/auto-sync.sh: Operation not permitted
/bin/bash: /Users/oskarpeterson/Documents/AI/AGENCY /storyboard/auto-sync.sh: Operation not permitted
/bin/bash: /Users/oskarpeterson/Documents/AI/AGENCY /storyboard/auto-sync.sh: Operation not permitted
/bin/bash: /Users/oskarpeterson/Documents/AI/AGENCY /storyboard/auto-sync.sh: Operation not permitted
/bin/bash: /Users/oskarpeterson/Documents/AI/AGENCY /storyboard/auto-sync.sh: Operation not permitted
/bin/bash: /Users/oskarpeterson/Documents/AI/AGENCY /storyboard/auto-sync.sh: Operation not permitted
/bin/bash: /Users/oskarpeterson/Documents/AI/AGENCY /storyboard/auto-sync.sh: Operation not permitted
/bin/bash: /Users/oskarpeterson/Documents/AI/AGENCY /storyboard/auto-sync.sh: Operation not permitted
/bin/bash: /Users/oskarpeterson/Documents/AI/AGENCY /storyboard/auto-sync.sh: Operation not permitted
/bin/bash: /Users/oskarpeterson/Documents/AI/AGENCY /storyboard/auto-sync.sh: Operation not permitted
/bin/bash: /Users/oskarpeterson/Documents/AI/AGENCY /storyboard/auto-sync.sh: Operation not permitted
/bin/bash: /Users/oskarpeterson/Documents/AI/AGENCY /storyboard/auto-sync.sh: Operation not permitted
/bin/bash: /Users/oskarpeterson/Documents/AI/AGENCY /storyboard/auto-sync.sh: Operation not permitted
/bin/bash: /Users/oskarpeterson/Documents/AI/AGENCY /storyboard/auto-sync.sh: Operation not permitted
/bin/bash: /Users/oskarpeterson/Documents/AI/AGENCY /storyboard/auto-sync.sh: Operation not permitted
/bin/bash: /Users/oskarpeterson/Documents/AI/AGENCY /storyboard/auto-sync.sh: Operation not permitted
/bin/bash: /Users/oskarpeterson/Documents/AI/AGENCY /storyboard/auto-sync.sh: Operation not permitted
/bin/bash: /Users/oskarpeterson/Documents/AI/AGENCY /storyboard/auto-sync.sh: Operation not permitted
/bin/bash: /Users/oskarpeterson/Documents/AI/AGENCY /storyboard/auto-sync.sh: Operation not permitted
/bin/bash: /Users/oskarpeterson/Documents/AI/AGENCY /storyboard/auto-sync.sh: Operation not permitted
/bin/bash: /Users/oskarpeterson/Documents/AI/AGENCY /storyboard/auto-sync.sh: Operation not permitted
/bin/bash: /Users/oskarpeterson/Documents/AI/AGENCY /storyboard/auto-sync.sh: Operation not permitted
/bin/bash: /Users/oskarpeterson/Documents/AI/AGENCY /storyboard/auto-sync.sh: Operation not permitted
/bin/bash: /Users/oskarpeterson/Documents/AI/AGENCY /storyboard/auto-sync.sh: Operation not permitted
/bin/bash: /Users/oskarpeterson/Documents/AI/AGENCY /storyboard/auto-sync.sh: Operation not permitted
/bin/bash: /Users/oskarpeterson/Documents/AI/AGENCY /storyboard/auto-sync.sh: Operation not permitted
/bin/bash: /Users/oskarpeterson/Documents/AI/AGENCY /storyboard/auto-sync.sh: Operation not permitted
/bin/bash: /Users/oskarpeterson/Documents/AI/AGENCY /storyboard/auto-sync.sh: Operation not permitted
/bin/bash: /Users/oskarpeterson/Documents/AI/AGENCY /storyboard/auto-sync.sh: Operation not permitted
/bin/bash: /Users/oskarpeterson/Documents/AI/AGENCY /storyboard/auto-sync.sh: Operation not permitted
/bin/bash: /Users/oskarpeterson/Documents/AI/AGENCY /storyboard/auto-sync.sh: Operation not permitted
/bin/bash: /Users/oskarpeterson/Documents/AI/AGENCY /storyboard/auto-sync.sh: Operation not permitted
/bin/bash: /Users/oskarpeterson/Documents/AI/AGENCY /storyboard/auto-sync.sh: Operation not permitted
/bin/bash: /Users/oskarpeterson/Documents/AI/AGENCY /storyboard/auto-sync.sh: Operation not permitted
/bin/bash: /Users/oskarpeterson/Documents/AI/AGENCY /storyboard/auto-sync.sh: Operation not permitted
/bin/bash: /Users/oskarpeterson/Documents/AI/AGENCY /storyboard/auto-sync.sh: Operation not permitted
/bin/bash: /Users/oskarpeterson/Documents/AI/AGENCY /storyboard/auto-sync.sh: Operation not permitted
/bin/bash: /Users/oskarpeterson/Documents/AI/AGENCY /storyboard/auto-sync.sh: Operation not permitted
/bin/bash: /Users/oskarpeterson/Documents/AI/AGENCY /storyboard/auto-sync.sh: Operation not permitted
/bin/bash: /Users/oskarpeterson/Documents/AI/AGENCY /storyboard/auto-sync.sh: Operation not permitted
/bin/bash: /Users/oskarpeterson/Documents/AI/AGENCY /storyboard/auto-sync.sh: Operation not permitted
/bin/bash: /Users/oskarpeterson/Documents/AI/AGENCY /storyboard/auto-sync.sh: Operation not permitted
/bin/bash: /Users/oskarpeterson/Documents/AI/AGENCY /storyboard/auto-sync.sh: Operation not permitted
/bin/bash: /Users/oskarpeterson/Documents/AI/AGENCY /storyboard/auto-sync.sh: Operation not permitted
/bin/bash: /Users/oskarpeterson/Documents/AI/AGENCY /storyboard/auto-sync.sh: Operation not permitted
/bin/bash: /Users/oskarpeterson/Documents/AI/AGENCY /storyboard/auto-sync.sh: Operation not permitted
/bin/bash: /Users/oskarpeterson/Documents/AI/AGENCY /storyboard/auto-sync.sh: Operation not permitted
/bin/bash: /Users/oskarpeterson/Documents/AI/AGENCY /storyboard/auto-sync.sh: Operation not permitted
/bin/bash: /Users/oskarpeterson/Documents/AI/AGENCY /storyboard/auto-sync.sh: Operation not permitted
/bin/bash: /Users/oskarpeterson/Documents/AI/AGENCY /storyboard/auto-sync.sh: Operation not permitted
/bin/bash: /Users/oskarpeterson/Documents/AI/AGENCY /storyboard/auto-sync.sh: Operation not permitted
/bin/bash: /Users/oskarpeterson/Documents/AI/AGENCY /storyboard/auto-sync.sh: Operation not permitted
/bin/bash: /Users/oskarpeterson/Documents/AI/AGENCY /storyboard/auto-sync.sh: Operation not permitted
/bin/bash: /Users/oskarpeterson/Documents/AI/AGENCY /storyboard/auto-sync.sh: Operation not permitted
/bin/bash: /Users/oskarpeterson/Documents/AI/AGENCY /storyboard/auto-sync.sh: Operation not permitted
/bin/bash: /Users/oskarpeterson/Documents/AI/AGENCY /storyboard/auto-sync.sh: Operation not permitted
/bin/bash: /Users/oskarpeterson/Documents/AI/AGENCY /storyboard/auto-sync.sh: Operation not permitted
/bin/bash: /Users/oskarpeterson/Documents/AI/AGENCY /storyboard/auto-sync.sh: Operation not permitted
/bin/bash: /Users/oskarpeterson/Documents/AI/AGENCY /storyboard/auto-sync.sh: Operation not permitted
/bin/bash: /Users/oskarpeterson/Documents/AI/AGENCY /storyboard/auto-sync.sh: Operation not permitted
/bin/bash: /Users/oskarpeterson/Documents/AI/AGENCY /storyboard/auto-sync.sh: Operation not permitted
/bin/bash: /Users/oskarpeterson/Documents/AI/AGENCY /storyboard/auto-sync.sh: Operation not permitted
/bin/bash: /Users/oskarpeterson/Documents/AI/AGENCY /storyboard/auto-sync.sh: Operation not permitted
/bin/bash: /Users/oskarpeterson/Documents/AI/AGENCY /storyboard/auto-sync.sh: Operation not permitted
/bin/bash: /Users/oskarpeterson/Documents/AI/AGENCY /storyboard/auto-sync.sh: Operation not permitted
/bin/bash: /Users/oskarpeterson/Documents/AI/AGENCY /storyboard/auto-sync.sh: Operation not permitted
/bin/bash: /Users/oskarpeterson/Documents/AI/AGENCY /storyboard/auto-sync.sh: Operation not permitted
/bin/bash: /Users/oskarpeterson/Documents/AI/AGENCY /storyboard/auto-sync.sh: Operation not permitted
/bin/bash: /Users/oskarpeterson/Documents/AI/AGENCY /storyboard/auto-sync.sh: Operation not permitted
/bin/bash: /Users/oskarpeterson/Documents/AI/AGENCY /storyboard/auto-sync.sh: Operation not permitted
/bin/bash: /Users/oskarpeterson/Documents/AI/AGENCY /storyboard/auto-sync.sh: Operation not permitted
/bin/bash: /Users/oskarpeterson/Documents/AI/AGENCY /storyboard/auto-sync.sh: Operation not permitted
/bin/bash: /Users/oskarpeterson/Documents/AI/AGENCY /storyboard/auto-sync.sh: Operation not permitted
[2026-05-09T15:20:51] AUTO-SYNC: 0 new idle sessions. 3 carry-forward briefs updated (local_6504cad6, local_37efa032, local_4524108d). Git push FAILED - stale lock files (.git/index.lock, .git/HEAD.lock, .git/ORIG_HEAD.lock). User must run: cd '/Users/oskarpeterson/Documents/AI/AGENCY /storyboard' && rm .git/*.lock && git add carry-forward-briefs/ && git commit -m 'sync' && git push
/bin/bash: /Users/oskarpeterson/Documents/AI/AGENCY /storyboard/auto-sync.sh: Operation not permitted
/bin/bash: /Users/oskarpeterson/Documents/AI/AGENCY /storyboard/auto-sync.sh: Operation not permitted
[2026-05-09T15:54:55Z] session-sync: Added 2 new entries (total 145). Git push FAILED - index.lock held by concurrent process. Local file update succeeded.
/bin/bash: /Users/oskarpeterson/Documents/AI/AGENCY /storyboard/auto-sync.sh: Operation not permitted
/bin/bash: /Users/oskarpeterson/Documents/AI/AGENCY /storyboard/auto-sync.sh: Operation not permitted
/bin/bash: /Users/oskarpeterson/Documents/AI/AGENCY /storyboard/auto-sync.sh: Operation not permitted
/bin/bash: /Users/oskarpeterson/Documents/AI/AGENCY /storyboard/auto-sync.sh: Operation not permitted
/bin/bash: /Users/oskarpeterson/Documents/AI/AGENCY /storyboard/auto-sync.sh: Operation not permitted
/bin/bash: /Users/oskarpeterson/Documents/AI/AGENCY /storyboard/auto-sync.sh: Operation not permitted
/bin/bash: /Users/oskarpeterson/Documents/AI/AGENCY /storyboard/auto-sync.sh: Operation not permitted
/bin/bash: /Users/oskarpeterson/Documents/AI/AGENCY /storyboard/auto-sync.sh: Operation not permitted
/bin/bash: /Users/oskarpeterson/Documents/AI/AGENCY /storyboard/auto-sync.sh: Operation not permitted
/bin/bash: /Users/oskarpeterson/Documents/AI/AGENCY /storyboard/auto-sync.sh: Operation not permitted
/bin/bash: /Users/oskarpeterson/Documents/AI/AGENCY /storyboard/auto-sync.sh: Operation not permitted
/bin/bash: /Users/oskarpeterson/Documents/AI/AGENCY /storyboard/auto-sync.sh: Operation not permitted
/bin/bash: /Users/oskarpeterson/Documents/AI/AGENCY /storyboard/auto-sync.sh: Operation not permitted
/bin/bash: /Users/oskarpeterson/Documents/AI/AGENCY /storyboard/auto-sync.sh: Operation not permitted
/bin/bash: /Users/oskarpeterson/Documents/AI/AGENCY /storyboard/auto-sync.sh: Operation not permitted
/bin/bash: /Users/oskarpeterson/Documents/AI/AGENCY /storyboard/auto-sync.sh: Operation not permitted
/bin/bash: /Users/oskarpeterson/Documents/AI/AGENCY /storyboard/auto-sync.sh: Operation not permitted
/bin/bash: /Users/oskarpeterson/Documents/AI/AGENCY /storyboard/auto-sync.sh: Operation not permitted
/bin/bash: /Users/oskarpeterson/Documents/AI/AGENCY /storyboard/auto-sync.sh: Operation not permitted
/bin/bash: /Users/oskarpeterson/Documents/AI/AGENCY /storyboard/auto-sync.sh: Operation not permitted
/bin/bash: /Users/oskarpeterson/Documents/AI/AGENCY /storyboard/auto-sync.sh: Operation not permitted
/bin/bash: /Users/oskarpeterson/Documents/AI/AGENCY /storyboard/auto-sync.sh: Operation not permitted
/bin/bash: /Users/oskarpeterson/Documents/AI/AGENCY /storyboard/auto-sync.sh: Operation not permitted
/bin/bash: /Users/oskarpeterson/Documents/AI/AGENCY /storyboard/auto-sync.sh: Operation not permitted
/bin/bash: /Users/oskarpeterson/Documents/AI/AGENCY /storyboard/auto-sync.sh: Operation not permitted
/bin/bash: /Users/oskarpeterson/Documents/AI/AGENCY /storyboard/auto-sync.sh: Operation not permitted
/bin/bash: /Users/oskarpeterson/Documents/AI/AGENCY /storyboard/auto-sync.sh: Operation not permitted
/bin/bash: /Users/oskarpeterson/Documents/AI/AGENCY /storyboard/auto-sync.sh: Operation not permitted
/bin/bash: /Users/oskarpeterson/Documents/AI/AGENCY /storyboard/auto-sync.sh: Operation not permitted
/bin/bash: /Users/oskarpeterson/Documents/AI/AGENCY /storyboard/auto-sync.sh: Operation not permitted
/bin/bash: /Users/oskarpeterson/Documents/AI/AGENCY /storyboard/auto-sync.sh: Operation not permitted
/bin/bash: /Users/oskarpeterson/Documents/AI/AGENCY /storyboard/auto-sync.sh: Operation not permitted
/bin/bash: /Users/oskarpeterson/Documents/AI/AGENCY /storyboard/auto-sync.sh: Operation not permitted
/bin/bash: /Users/oskarpeterson/Documents/AI/AGENCY /storyboard/auto-sync.sh: Operation not permitted
/bin/bash: /Users/oskarpeterson/Documents/AI/AGENCY /storyboard/auto-sync.sh: Operation not permitted
/bin/bash: /Users/oskarpeterson/Documents/AI/AGENCY /storyboard/auto-sync.sh: Operation not permitted
/bin/bash: /Users/oskarpeterson/Documents/AI/AGENCY /storyboard/auto-sync.sh: Operation not permitted
/bin/bash: /Users/oskarpeterson/Documents/AI/AGENCY /storyboard/auto-sync.sh: Operation not permitted
/bin/bash: /Users/oskarpeterson/Documents/AI/AGENCY /storyboard/auto-sync.sh: Operation not permitted
/bin/bash: /Users/oskarpeterson/Documents/AI/AGENCY /storyboard/auto-sync.sh: Operation not permitted
/bin/bash: /Users/oskarpeterson/Documents/AI/AGENCY /storyboard/auto-sync.sh: Operation not permitted
/bin/bash: /Users/oskarpeterson/Documents/AI/AGENCY /storyboard/auto-sync.sh: Operation not permitted
/bin/bash: /Users/oskarpeterson/Documents/AI/AGENCY /storyboard/auto-sync.sh: Operation not permitted
/bin/bash: /Users/oskarpeterson/Documents/AI/AGENCY /storyboard/auto-sync.sh: Operation not permitted
/bin/bash: /Users/oskarpeterson/Documents/AI/AGENCY /storyboard/auto-sync.sh: Operation not permitted
/bin/bash: /Users/oskarpeterson/Documents/AI/AGENCY /storyboard/auto-sync.sh: Operation not permitted
/bin/bash: /Users/oskarpeterson/Documents/AI/AGENCY /storyboard/auto-sync.sh: Operation not permitted
/bin/bash: /Users/oskarpeterson/Documents/AI/AGENCY /storyboard/auto-sync.sh: Operation not permitted
/bin/bash: /Users/oskarpeterson/Documents/AI/AGENCY /storyboard/auto-sync.sh: Operation not permitted
/bin/bash: /Users/oskarpeterson/Documents/AI/AGENCY /storyboard/auto-sync.sh: Operation not permitted
[2026-05-14T08:26:42] storyboard-session-sync: git push failed — index.lock held by concurrent sync session. Carry-forward briefs written locally. 0 new session entries added to session-log.json.
/bin/bash: /Users/oskarpeterson/Documents/AI/AGENCY /storyboard/auto-sync.sh: Operation not permitted
/bin/bash: /Users/oskarpeterson/Documents/AI/AGENCY /storyboard/auto-sync.sh: Operation not permitted
/bin/bash: /Users/oskarpeterson/Documents/AI/AGENCY /storyboard/auto-sync.sh: Operation not permitted
/bin/bash: /Users/oskarpeterson/Documents/AI/AGENCY /storyboard/auto-sync.sh: Operation not permitted
2026-05-14T09:21:17 - Git push failed: stale .git/index.lock from another sync session (created 08:51). session-log.json updated locally.
/bin/bash: /Users/oskarpeterson/Documents/AI/AGENCY /storyboard/auto-sync.sh: Operation not permitted
/bin/bash: /Users/oskarpeterson/Documents/AI/AGENCY /storyboard/auto-sync.sh: Operation not permitted
